{"C:\\Users\\leopp\\OneDrive\\Documentos\\advancedNodejs\\unit testing\\src\\controllers\\post\\CreatePostController.ts": {"path":"C:\\Users\\leopp\\OneDrive\\Documentos\\advancedNodejs\\unit testing\\src\\controllers\\post\\CreatePostController.ts","statementMap":{"0":{"start":{"line":2,"column":0},"end":{"line":2,"column":70}},"1":{"start":{"line":6,"column":29},"end":{"line":6,"column":37}},"2":{"start":{"line":8,"column":15},"end":{"line":11,"column":4}},"3":{"start":{"line":13,"column":2},"end":{"line":13,"column":17}},"4":{"start":{"line":17,"column":0},"end":{"line":17,"column":42}}},"fnMap":{"0":{"name":"(anonymous_8)","decl":{"start":{"line":5,"column":7},"end":{"line":5,"column":13}},"loc":{"start":{"line":5,"column":41},"end":{"line":14,"column":null}}}},"branchMap":{},"s":{"0":1,"1":1,"2":1,"3":1,"4":1},"f":{"0":1},"b":{}}
,"C:\\Users\\leopp\\OneDrive\\Documentos\\advancedNodejs\\unit testing\\src\\services\\post\\CreatePostService.ts": {"path":"C:\\Users\\leopp\\OneDrive\\Documentos\\advancedNodejs\\unit testing\\src\\services\\post\\CreatePostService.ts","statementMap":{"0":{"start":{"line":1,"column":0},"end":{"line":1,"column":40}},"1":{"start":{"line":9,"column":15},"end":{"line":18,"column":null}},"2":{"start":{"line":10,"column":15},"end":{"line":15,"column":4}},"3":{"start":{"line":17,"column":2},"end":{"line":17,"column":14}},"4":{"start":{"line":21,"column":0},"end":{"line":21,"column":39}}},"fnMap":{"0":{"name":"(anonymous_8)","decl":{"start":{"line":9,"column":7},"end":{"line":9,"column":14}},"loc":{"start":{"line":9,"column":14},"end":{"line":18,"column":null}}},"1":{"name":"(anonymous_9)","decl":{"start":{"line":9,"column":15},"end":{"line":9,"column":17}},"loc":{"start":{"line":9,"column":46},"end":{"line":18,"column":2}}}},"branchMap":{},"s":{"0":1,"1":2,"2":2,"3":2,"4":1},"f":{"0":2,"1":2},"b":{}}
,"C:\\Users\\leopp\\OneDrive\\Documentos\\advancedNodejs\\unit testing\\src\\services\\post\\ListPostService.ts": {"path":"C:\\Users\\leopp\\OneDrive\\Documentos\\advancedNodejs\\unit testing\\src\\services\\post\\ListPostService.ts","statementMap":{"0":{"start":{"line":1,"column":0},"end":{"line":1,"column":40}},"1":{"start":{"line":5,"column":16},"end":{"line":11,"column":4}},"2":{"start":{"line":13,"column":2},"end":{"line":13,"column":15}},"3":{"start":{"line":17,"column":0},"end":{"line":17,"column":37}}},"fnMap":{"0":{"name":"(anonymous_8)","decl":{"start":{"line":4,"column":7},"end":{"line":4,"column":14}},"loc":{"start":{"line":4,"column":14},"end":{"line":14,"column":null}}}},"branchMap":{},"s":{"0":1,"1":1,"2":1,"3":1},"f":{"0":1},"b":{}}
}
