TN:
SF:src\controllers\post\CreatePostController.ts
FN:5,(anonymous_8)
FNF:1
FNH:1
FNDA:1,(anonymous_8)
DA:2,1
DA:6,1
DA:8,1
DA:13,1
DA:17,1
LF:5
LH:5
BRF:0
BRH:0
end_of_record
TN:
SF:src\services\post\CreatePostService.ts
FN:9,(anonymous_8)
FN:9,(anonymous_9)
FNF:2
FNH:2
FNDA:2,(anonymous_8)
FNDA:2,(anonymous_9)
DA:1,1
DA:9,2
DA:10,2
DA:17,2
DA:21,1
LF:5
LH:5
BRF:0
BRH:0
end_of_record
TN:
SF:src\services\post\ListPostService.ts
FN:4,(anonymous_8)
FNF:1
FNH:1
FNDA:1,(anonymous_8)
DA:1,1
DA:5,1
DA:13,1
DA:17,1
LF:4
LH:4
BRF:0
BRH:0
end_of_record
